{"D:\\Portfolio\\react-ts-vite-airbnb-starter\\src\\App.tsx": {"path":"D:\\Portfolio\\react-ts-vite-airbnb-starter\\src\\App.tsx","all":false,"statementMap":{"0":{"start":{"line":1,"column":0},"end":{"line":1,"column":16}},"1":{"start":{"line":2,"column":0},"end":{"line":2,"column":54}},"2":{"start":{"line":3,"column":0},"end":{"line":3,"column":1}},"3":{"start":{"line":4,"column":0},"end":{"line":4,"column":0}},"4":{"start":{"line":5,"column":0},"end":{"line":5,"column":18}}},"s":{"0":1,"1":1,"2":1,"3":1,"4":1},"branchMap":{"0":{"type":"branch","line":1,"loc":{"start":{"line":1,"column":0},"end":{"line":5,"column":15}},"locations":[{"start":{"line":1,"column":0},"end":{"line":5,"column":15}}]}},"b":{"0":[1]},"fnMap":{"0":{"name":"App","decl":{"start":{"line":1,"column":0},"end":{"line":5,"column":15}},"loc":{"start":{"line":1,"column":0},"end":{"line":5,"column":15}},"line":1}},"f":{"0":1}}
,"D:\\Portfolio\\react-ts-vite-airbnb-starter\\src\\test\\setup.ts": {"path":"D:\\Portfolio\\react-ts-vite-airbnb-starter\\src\\test\\setup.ts","all":false,"statementMap":{"0":{"start":{"line":1,"column":0},"end":{"line":1,"column":57}},"1":{"start":{"line":2,"column":0},"end":{"line":2,"column":31}},"2":{"start":{"line":3,"column":0},"end":{"line":3,"column":0}},"3":{"start":{"line":4,"column":0},"end":{"line":4,"column":23}}},"s":{"0":1,"1":1,"2":1,"3":1},"branchMap":{},"b":{},"fnMap":{},"f":{}}
}
